<?xml version="1.0" encoding="UTF-8"?>
<testng-results skipped="0" failed="0" ignored="0" total="0" passed="0">
  <reporter-output>
  </reporter-output>
  <suite name="serializationDesererilization.Test" duration-ms="9" started-at="2021-06-14T04:07:40 CEST" finished-at="2021-06-14T04:07:40 CEST">
    <groups>
    </groups>
    <test name="Command line test" duration-ms="9" started-at="2021-06-14T04:07:40 CEST" finished-at="2021-06-14T04:07:40 CEST">
    </test> <!-- Command line test -->
  </suite> <!-- serializationDesererilization.Test -->
</testng-results>
