<?xml version="1.0" encoding="UTF-8"?>
<testng-results skipped="0" failed="0" ignored="0" total="1" passed="1">
  <reporter-output>
  </reporter-output>
  <suite name="Default suite" duration-ms="2753" started-at="2023-01-17T02:31:47 EST" finished-at="2023-01-17T02:31:50 EST">
    <groups>
    </groups>
    <test name="Default test" duration-ms="2753" started-at="2023-01-17T02:31:47 EST" finished-at="2023-01-17T02:31:50 EST">
      <class name="restassuredTests.JsonResponseFileValidation">
        <test-method status="PASS" signature="testJsonResponse()[pri:0, instance:restassuredTests.JsonResponseFileValidation@bd8db5a]" name="testJsonResponse" duration-ms="2706" started-at="2023-01-17T02:31:47 EST" finished-at="2023-01-17T02:31:50 EST">
          <reporter-output>
          </reporter-output>
        </test-method> <!-- testJsonResponse -->
      </class> <!-- restassuredTests.JsonResponseFileValidation -->
    </test> <!-- Default test -->
  </suite> <!-- Default suite -->
</testng-results>
